2025-11-13 21:10:43 - celery_tasks - INFO - 


2025-11-13 21:10:43 - celery_tasks - INFO - ================================================================================
2025-11-13 21:10:43 - celery_tasks - INFO - Начинаю рассылку 2 пользователям
2025-11-13 21:10:43 - celery_tasks - INFO - ================================================================================
2025-11-13 21:10:43 - celery_tasks - INFO - 📰 Новость
2025-11-13 21:10:43 - celery_tasks - INFO - ────────────────────────────────────────────────────────────────────────────────
2025-11-13 21:10:43 - celery_tasks - INFO - Заголовок: string
2025-11-13 21:10:43 - celery_tasks - INFO - ID автора: 1
2025-11-13 21:10:43 - celery_tasks - INFO - Дата публикации: 13.11.2025 00:00:00
2025-11-13 21:10:43 - celery_tasks - INFO - Содержание: string
2025-11-13 21:10:43 - celery_tasks - INFO - ────────────────────────────────────────────────────────────────────────────────
2025-11-13 21:10:43 - celery_tasks - INFO - Отправляю рассылку пользовелю Иван Иванов
2025-11-13 21:10:43 - celery_tasks - INFO - Отправляю рассылку пользовелю Петр Петров
2025-11-13 21:10:43 - celery_tasks - WARNING - Retry 1/3 in 2s
2025-11-13 21:10:45 - celery_tasks - INFO - 


2025-11-13 21:10:45 - celery_tasks - INFO - ================================================================================
2025-11-13 21:10:45 - celery_tasks - INFO - Начинаю рассылку 2 пользователям
2025-11-13 21:10:45 - celery_tasks - INFO - ================================================================================
2025-11-13 21:10:45 - celery_tasks - INFO - 📰 Новость
2025-11-13 21:10:45 - celery_tasks - INFO - ────────────────────────────────────────────────────────────────────────────────
2025-11-13 21:10:45 - celery_tasks - INFO - Заголовок: string
2025-11-13 21:10:45 - celery_tasks - INFO - ID автора: 1
2025-11-13 21:10:45 - celery_tasks - INFO - Дата публикации: 13.11.2025 00:00:00
2025-11-13 21:10:45 - celery_tasks - INFO - Содержание: string
2025-11-13 21:10:45 - celery_tasks - INFO - ────────────────────────────────────────────────────────────────────────────────
2025-11-13 21:10:45 - celery_tasks - INFO - Отправляю рассылку пользовелю Иван Иванов
2025-11-13 21:10:45 - celery_tasks - INFO - Отправляю рассылку пользовелю Петр Петров
2025-11-13 21:10:47 - celery_tasks - INFO - Рассылка успешна отправлена 2 пользователям
2025-11-13 21:11:01 - celery_tasks - ERROR - ❌ Ошибка при формировании дайджеста: 'function' object has no attribute 'error'
2025-11-13 21:14:28 - celery_tasks - INFO - 


2025-11-13 21:14:28 - celery_tasks - INFO - ================================================================================
2025-11-13 21:14:28 - celery_tasks - INFO - Начинаю рассылку 2 пользователям
2025-11-13 21:14:28 - celery_tasks - INFO - ================================================================================
2025-11-13 21:14:28 - celery_tasks - INFO - 📰 Новость
2025-11-13 21:14:28 - celery_tasks - INFO - ────────────────────────────────────────────────────────────────────────────────
2025-11-13 21:14:28 - celery_tasks - INFO - Заголовок: string
2025-11-13 21:14:28 - celery_tasks - INFO - ID автора: 1
2025-11-13 21:14:28 - celery_tasks - INFO - Дата публикации: 13.11.2025 00:00:00
2025-11-13 21:14:28 - celery_tasks - INFO - Содержание: string
2025-11-13 21:14:28 - celery_tasks - INFO - ────────────────────────────────────────────────────────────────────────────────
2025-11-13 21:14:28 - celery_tasks - INFO - Отправляю рассылку пользовелю Иван Иванов
2025-11-13 21:14:28 - celery_tasks - INFO - Отправляю рассылку пользовелю Петр Петров
2025-11-13 21:14:28 - celery_tasks - WARNING - Retry 1/3 in 2s
2025-11-13 21:14:30 - celery_tasks - INFO - 


2025-11-13 21:14:30 - celery_tasks - INFO - ================================================================================
2025-11-13 21:14:30 - celery_tasks - INFO - Начинаю рассылку 2 пользователям
2025-11-13 21:14:30 - celery_tasks - INFO - ================================================================================
2025-11-13 21:14:30 - celery_tasks - INFO - 📰 Новость
2025-11-13 21:14:30 - celery_tasks - INFO - ────────────────────────────────────────────────────────────────────────────────
2025-11-13 21:14:30 - celery_tasks - INFO - Заголовок: string
2025-11-13 21:14:30 - celery_tasks - INFO - ID автора: 1
2025-11-13 21:14:30 - celery_tasks - INFO - Дата публикации: 13.11.2025 00:00:00
2025-11-13 21:14:30 - celery_tasks - INFO - Содержание: string
2025-11-13 21:14:30 - celery_tasks - INFO - ────────────────────────────────────────────────────────────────────────────────
2025-11-13 21:14:30 - celery_tasks - INFO - Отправляю рассылку пользовелю Иван Иванов
2025-11-13 21:14:30 - celery_tasks - INFO - Отправляю рассылку пользовелю Петр Петров
2025-11-13 21:14:30 - celery_tasks - WARNING - Retry 2/3 in 4s
2025-11-13 21:14:34 - celery_tasks - INFO - 


2025-11-13 21:14:34 - celery_tasks - INFO - ================================================================================
2025-11-13 21:14:34 - celery_tasks - INFO - Начинаю рассылку 2 пользователям
2025-11-13 21:14:34 - celery_tasks - INFO - ================================================================================
2025-11-13 21:14:34 - celery_tasks - INFO - 📰 Новость
2025-11-13 21:14:34 - celery_tasks - INFO - ────────────────────────────────────────────────────────────────────────────────
2025-11-13 21:14:34 - celery_tasks - INFO - Заголовок: string
2025-11-13 21:14:34 - celery_tasks - INFO - ID автора: 1
2025-11-13 21:14:34 - celery_tasks - INFO - Дата публикации: 13.11.2025 00:00:00
2025-11-13 21:14:34 - celery_tasks - INFO - Содержание: string
2025-11-13 21:14:34 - celery_tasks - INFO - ────────────────────────────────────────────────────────────────────────────────
2025-11-13 21:14:34 - celery_tasks - INFO - Отправляю рассылку пользовелю Иван Иванов
2025-11-13 21:14:34 - celery_tasks - INFO - Отправляю рассылку пользовелю Петр Петров
2025-11-13 21:14:36 - celery_tasks - INFO - Рассылка успешна отправлена 2 пользователям
2025-11-13 21:15:02 - celery_tasks - INFO - Found 2 news for current week
2025-11-13 21:15:02 - celery_tasks - INFO - 


2025-11-13 21:15:02 - celery_tasks - INFO - ================================================================================
2025-11-13 21:15:02 - celery_tasks - INFO - 📊 ЕЖЕНЕДЕЛЬНЫЙ ДАЙДЖЕСТ НОВОСТЕЙ
2025-11-13 21:15:02 - celery_tasks - INFO - ================================================================================
2025-11-13 21:15:02 - celery_tasks - INFO - Период: 10.11.2025 - 16.11.2025
2025-11-13 21:15:02 - celery_tasks - INFO - Дата формирования: 13.11.2025 21:15:00
2025-11-13 21:15:02 - celery_tasks - INFO - Всего новостей за неделю: 2
2025-11-13 21:15:02 - celery_tasks - INFO - ================================================================================
2025-11-13 21:15:02 - celery_tasks - INFO - 📰 Новость #1
2025-11-13 21:15:02 - celery_tasks - INFO - ────────────────────────────────────────────────────────────────────────────────
2025-11-13 21:15:02 - celery_tasks - INFO - Заголовок: Первая новость
2025-11-13 21:15:02 - celery_tasks - INFO - Автор ID: 1
2025-11-13 21:15:02 - celery_tasks - INFO - Дата публикации: 13.11.2025
2025-11-13 21:15:02 - celery_tasks - INFO - Содержание: Содержание первой новости
2025-11-13 21:15:02 - celery_tasks - INFO - ────────────────────────────────────────────────────────────────────────────────
2025-11-13 21:15:02 - celery_tasks - INFO - 📰 Новость #2
2025-11-13 21:15:02 - celery_tasks - INFO - ────────────────────────────────────────────────────────────────────────────────
2025-11-13 21:15:02 - celery_tasks - INFO - Заголовок: string
2025-11-13 21:15:02 - celery_tasks - INFO - Автор ID: 1
2025-11-13 21:15:02 - celery_tasks - INFO - Дата публикации: 13.11.2025
2025-11-13 21:15:02 - celery_tasks - INFO - Содержание: string
2025-11-13 21:15:02 - celery_tasks - INFO - ────────────────────────────────────────────────────────────────────────────────
2025-11-13 21:15:02 - celery_tasks - INFO - 📈 Статистика: 2 новостей за неделю
2025-11-13 21:15:02 - celery_tasks - INFO - ================================================================================
2025-11-13 21:16:10 - celery_tasks - INFO - 


2025-11-13 21:16:10 - celery_tasks - INFO - ================================================================================
2025-11-13 21:16:10 - celery_tasks - INFO - Начинаю рассылку 2 пользователям
2025-11-13 21:16:10 - celery_tasks - INFO - ================================================================================
2025-11-13 21:16:10 - celery_tasks - INFO - 📰 Новость
2025-11-13 21:16:10 - celery_tasks - INFO - ────────────────────────────────────────────────────────────────────────────────
2025-11-13 21:16:10 - celery_tasks - INFO - Заголовок: string
2025-11-13 21:16:10 - celery_tasks - INFO - ID автора: 1
2025-11-13 21:16:10 - celery_tasks - INFO - Дата публикации: 13.11.2025 00:00:00
2025-11-13 21:16:10 - celery_tasks - INFO - Содержание: string
2025-11-13 21:16:10 - celery_tasks - INFO - ────────────────────────────────────────────────────────────────────────────────
2025-11-13 21:16:10 - celery_tasks - INFO - Отправляю рассылку пользовелю Иван Иванов
2025-11-13 21:16:10 - celery_tasks - INFO - Отправляю рассылку пользовелю Петр Петров
2025-11-13 21:16:12 - celery_tasks - INFO - Рассылка успешна отправлена 2 пользователям
2025-12-13 12:36:36 - celery_tasks - ERROR - Error in async_get_news: 'NoneType' object has no attribute 'get'
2025-12-13 12:36:36 - celery_tasks - INFO - 


2025-12-13 12:36:36 - celery_tasks - INFO - ================================================================================
2025-12-13 12:36:36 - celery_tasks - INFO - 📊 ЕЖЕНЕДЕЛЬНЫЙ ДАЙДЖЕСТ НОВОСТЕЙ
2025-12-13 12:36:36 - celery_tasks - INFO - ================================================================================
2025-12-13 12:36:36 - celery_tasks - INFO - Период: 08.12.2025 - 14.12.2025
2025-12-13 12:36:36 - celery_tasks - INFO - Дата формирования: 13.12.2025 12:36:35
2025-12-13 12:36:36 - celery_tasks - INFO - Всего новостей за неделю: 0
2025-12-13 12:36:36 - celery_tasks - INFO - ================================================================================
2025-12-13 12:36:36 - celery_tasks - INFO - ℹ️ За эту неделю новостей не было
2025-12-13 12:36:36 - celery_tasks - INFO - 📈 Статистика: 0 новостей за неделю
2025-12-13 12:36:36 - celery_tasks - INFO - ================================================================================
2025-12-13 12:37:29 - celery_tasks - INFO - 


2025-12-13 12:37:29 - celery_tasks - INFO - ================================================================================
2025-12-13 12:37:29 - celery_tasks - INFO - Начинаю рассылку 3 пользователям
2025-12-13 12:37:29 - celery_tasks - INFO - ================================================================================
2025-12-13 12:37:29 - celery_tasks - INFO - 📰 Новость
2025-12-13 12:37:29 - celery_tasks - INFO - ────────────────────────────────────────────────────────────────────────────────
2025-12-13 12:37:29 - celery_tasks - INFO - Заголовок: 1
2025-12-13 12:37:29 - celery_tasks - INFO - ID автора: 1
2025-12-13 12:37:29 - celery_tasks - INFO - Дата публикации: 13.12.2025
2025-12-13 12:37:29 - celery_tasks - INFO - Содержание: 1
2025-12-13 12:37:29 - celery_tasks - INFO - ────────────────────────────────────────────────────────────────────────────────
2025-12-13 12:37:29 - celery_tasks - INFO - Отправляю рассылку пользовелю Иван Иванов
2025-12-13 12:37:29 - celery_tasks - INFO - Отправляю рассылку пользовелю Петр Петров
2025-12-13 12:37:29 - celery_tasks - INFO - Отправляю рассылку пользовелю Админ
2025-12-13 12:37:29 - celery_tasks - WARNING - Retry 1/3 in 2s
2025-12-13 12:37:31 - celery_tasks - INFO - 


2025-12-13 12:37:31 - celery_tasks - INFO - ================================================================================
2025-12-13 12:37:31 - celery_tasks - INFO - Начинаю рассылку 3 пользователям
2025-12-13 12:37:31 - celery_tasks - INFO - ================================================================================
2025-12-13 12:37:31 - celery_tasks - INFO - 📰 Новость
2025-12-13 12:37:31 - celery_tasks - INFO - ────────────────────────────────────────────────────────────────────────────────
2025-12-13 12:37:31 - celery_tasks - INFO - Заголовок: 1
2025-12-13 12:37:31 - celery_tasks - INFO - ID автора: 1
2025-12-13 12:37:31 - celery_tasks - INFO - Дата публикации: 13.12.2025
2025-12-13 12:37:31 - celery_tasks - INFO - Содержание: 1
2025-12-13 12:37:31 - celery_tasks - INFO - ────────────────────────────────────────────────────────────────────────────────
2025-12-13 12:37:31 - celery_tasks - INFO - Отправляю рассылку пользовелю Иван Иванов
2025-12-13 12:37:31 - celery_tasks - INFO - Отправляю рассылку пользовелю Петр Петров
2025-12-13 12:37:31 - celery_tasks - INFO - Отправляю рассылку пользовелю Админ
2025-12-13 12:37:31 - celery_tasks - WARNING - Retry 2/3 in 4s
2025-12-13 12:37:35 - celery_tasks - INFO - 


2025-12-13 12:37:35 - celery_tasks - INFO - ================================================================================
2025-12-13 12:37:35 - celery_tasks - INFO - Начинаю рассылку 3 пользователям
2025-12-13 12:37:35 - celery_tasks - INFO - ================================================================================
2025-12-13 12:37:35 - celery_tasks - INFO - 📰 Новость
2025-12-13 12:37:35 - celery_tasks - INFO - ────────────────────────────────────────────────────────────────────────────────
2025-12-13 12:37:35 - celery_tasks - INFO - Заголовок: 1
2025-12-13 12:37:35 - celery_tasks - INFO - ID автора: 1
2025-12-13 12:37:35 - celery_tasks - INFO - Дата публикации: 13.12.2025
2025-12-13 12:37:35 - celery_tasks - INFO - Содержание: 1
2025-12-13 12:37:35 - celery_tasks - INFO - ────────────────────────────────────────────────────────────────────────────────
2025-12-13 12:37:35 - celery_tasks - INFO - Отправляю рассылку пользовелю Иван Иванов
2025-12-13 12:37:35 - celery_tasks - INFO - Отправляю рассылку пользовелю Петр Петров
2025-12-13 12:37:35 - celery_tasks - INFO - Отправляю рассылку пользовелю Админ
2025-12-13 12:37:37 - celery_tasks - INFO - Рассылка успешна отправлена 3 пользователям
2025-12-13 14:48:47 - celery_tasks - INFO - 


2025-12-13 14:48:47 - celery_tasks - INFO - ================================================================================
2025-12-13 14:48:47 - celery_tasks - INFO - Начинаю рассылку 3 пользователям
2025-12-13 14:48:47 - celery_tasks - INFO - ================================================================================
2025-12-13 14:48:47 - celery_tasks - INFO - 


2025-12-13 14:48:47 - celery_tasks - INFO - 📰 Новость
2025-12-13 14:48:47 - celery_tasks - INFO - ================================================================================
2025-12-13 14:48:47 - celery_tasks - INFO - ────────────────────────────────────────────────────────────────────────────────
2025-12-13 14:48:47 - celery_tasks - INFO - Начинаю рассылку 3 пользователям
2025-12-13 14:48:47 - celery_tasks - INFO - Заголовок: string
2025-12-13 14:48:47 - celery_tasks - INFO - ================================================================================
2025-12-13 14:48:47 - celery_tasks - INFO - ID автора: 3
2025-12-13 14:48:47 - celery_tasks - INFO - 📰 Новость
2025-12-13 14:48:47 - celery_tasks - INFO - Дата публикации: 13.12.2025
2025-12-13 14:48:47 - celery_tasks - INFO - ────────────────────────────────────────────────────────────────────────────────
2025-12-13 14:48:47 - celery_tasks - INFO - Содержание: string
2025-12-13 14:48:47 - celery_tasks - INFO - Заголовок: string
2025-12-13 14:48:47 - celery_tasks - INFO - ────────────────────────────────────────────────────────────────────────────────
2025-12-13 14:48:47 - celery_tasks - INFO - ID автора: 3
2025-12-13 14:48:47 - celery_tasks - INFO - Отправляю рассылку пользовелю Иван Иванов
2025-12-13 14:48:47 - celery_tasks - INFO - Дата публикации: 13.12.2025
2025-12-13 14:48:47 - celery_tasks - INFO - Отправляю рассылку пользовелю Петр Петров
2025-12-13 14:48:47 - celery_tasks - INFO - Содержание: string
2025-12-13 14:48:47 - celery_tasks - INFO - Отправляю рассылку пользовелю Админ
2025-12-13 14:48:47 - celery_tasks - INFO - ────────────────────────────────────────────────────────────────────────────────
2025-12-13 14:48:47 - celery_tasks - INFO - Отправляю рассылку пользовелю Иван Иванов
2025-12-13 14:48:47 - celery_tasks - INFO - Отправляю рассылку пользовелю Петр Петров
2025-12-13 14:48:47 - celery_tasks - INFO - Отправляю рассылку пользовелю Админ
2025-12-13 14:48:49 - celery_tasks - INFO - Рассылка успешна отправлена 3 пользователям
2025-12-13 14:48:49 - celery_tasks - INFO - Рассылка успешна отправлена 3 пользователям
2025-12-13 14:49:11 - celery_tasks - INFO - 


2025-12-13 14:49:11 - celery_tasks - INFO - ================================================================================
2025-12-13 14:49:11 - celery_tasks - INFO - Начинаю рассылку 3 пользователям
2025-12-13 14:49:11 - celery_tasks - INFO - ================================================================================
2025-12-13 14:49:11 - celery_tasks - INFO - 📰 Новость
2025-12-13 14:49:11 - celery_tasks - INFO - ────────────────────────────────────────────────────────────────────────────────
2025-12-13 14:49:11 - celery_tasks - INFO - Заголовок: string
2025-12-13 14:49:11 - celery_tasks - INFO - ID автора: 3
2025-12-13 14:49:11 - celery_tasks - INFO - Дата публикации: 13.12.2025
2025-12-13 14:49:11 - celery_tasks - INFO - Содержание: string
2025-12-13 14:49:11 - celery_tasks - INFO - ────────────────────────────────────────────────────────────────────────────────
2025-12-13 14:49:11 - celery_tasks - INFO - Отправляю рассылку пользовелю Иван Иванов
2025-12-13 14:49:11 - celery_tasks - INFO - Отправляю рассылку пользовелю Петр Петров
2025-12-13 14:49:11 - celery_tasks - INFO - Отправляю рассылку пользовелю Админ
2025-12-13 14:49:13 - celery_tasks - INFO - Рассылка успешна отправлена 3 пользователям
2025-12-13 14:51:05 - celery_tasks - INFO - Received signal 2, shutting down gracefully...
2025-12-13 14:51:05 - celery_tasks - INFO - Received signal 2, shutting down gracefully...
2025-12-13 14:51:05 - celery_tasks - INFO - Received signal 15, shutting down gracefully...
2025-12-13 14:51:05 - celery_tasks - INFO - Received signal 2, shutting down gracefully...
2025-12-13 15:53:53 - celery_tasks - INFO - 


2025-12-13 15:53:53 - celery_tasks - INFO - ================================================================================
2025-12-13 15:53:53 - celery_tasks - INFO - Начинаю рассылку 3 пользователям
2025-12-13 15:53:53 - celery_tasks - INFO - ================================================================================
2025-12-13 15:53:53 - celery_tasks - INFO - 📰 Новость
2025-12-13 15:53:53 - celery_tasks - INFO - ────────────────────────────────────────────────────────────────────────────────
2025-12-13 15:53:53 - celery_tasks - INFO - Заголовок: string
2025-12-13 15:53:53 - celery_tasks - INFO - ID автора: 3
2025-12-13 15:53:53 - celery_tasks - INFO - Дата публикации: 13.12.2025
2025-12-13 15:53:53 - celery_tasks - INFO - Содержание: string
2025-12-13 15:53:53 - celery_tasks - INFO - ────────────────────────────────────────────────────────────────────────────────
2025-12-13 15:53:53 - celery_tasks - INFO - Отправляю рассылку пользовелю Иван Иванов
2025-12-13 15:53:53 - celery_tasks - INFO - Отправляю рассылку пользовелю Петр Петров
2025-12-13 15:53:53 - celery_tasks - INFO - Отправляю рассылку пользовелю Админ
2025-12-13 15:53:55 - celery_tasks - INFO - Рассылка успешна отправлена 3 пользователям
2025-12-13 15:53:59 - celery_tasks - INFO - 


2025-12-13 15:53:59 - celery_tasks - INFO - ================================================================================
2025-12-13 15:53:59 - celery_tasks - INFO - Начинаю рассылку 4 пользователям
2025-12-13 15:53:59 - celery_tasks - INFO - ================================================================================
2025-12-13 15:53:59 - celery_tasks - INFO - 📰 Новость
2025-12-13 15:53:59 - celery_tasks - INFO - ────────────────────────────────────────────────────────────────────────────────
2025-12-13 15:53:59 - celery_tasks - INFO - Заголовок: string
2025-12-13 15:53:59 - celery_tasks - INFO - ID автора: 3
2025-12-13 15:53:59 - celery_tasks - INFO - Дата публикации: 13.12.2025
2025-12-13 15:53:59 - celery_tasks - INFO - Содержание: string
2025-12-13 15:53:59 - celery_tasks - INFO - ────────────────────────────────────────────────────────────────────────────────
2025-12-13 15:53:59 - celery_tasks - INFO - Отправляю рассылку пользовелю Иван Иванов
2025-12-13 15:53:59 - celery_tasks - INFO - Отправляю рассылку пользовелю Петр Петров
2025-12-13 15:53:59 - celery_tasks - INFO - Отправляю рассылку пользовелю Админ
2025-12-13 15:53:59 - celery_tasks - INFO - Отправляю рассылку пользовелю string
2025-12-13 15:54:01 - celery_tasks - INFO - Рассылка успешна отправлена 4 пользователям
2025-12-13 15:59:02 - celery_tasks - INFO - 


2025-12-13 15:59:02 - celery_tasks - INFO - ================================================================================
2025-12-13 15:59:02 - celery_tasks - INFO - Начинаю рассылку 3 пользователям
2025-12-13 15:59:02 - celery_tasks - INFO - ================================================================================
2025-12-13 15:59:02 - celery_tasks - INFO - 📰 Новость
2025-12-13 15:59:02 - celery_tasks - INFO - ────────────────────────────────────────────────────────────────────────────────
2025-12-13 15:59:02 - celery_tasks - INFO - Заголовок: string
2025-12-13 15:59:02 - celery_tasks - INFO - ID автора: 3
2025-12-13 15:59:02 - celery_tasks - INFO - Дата публикации: 13.12.2025
2025-12-13 15:59:02 - celery_tasks - INFO - Содержание: string
2025-12-13 15:59:02 - celery_tasks - INFO - ────────────────────────────────────────────────────────────────────────────────
2025-12-13 15:59:02 - celery_tasks - INFO - Отправляю рассылку пользовелю Иван Иванов
2025-12-13 15:59:02 - celery_tasks - INFO - Отправляю рассылку пользовелю Петр Петров
2025-12-13 15:59:02 - celery_tasks - INFO - Отправляю рассылку пользовелю Админ
2025-12-13 15:59:02 - celery_tasks - WARNING - Retry 1/3 in 2s
2025-12-13 15:59:04 - celery_tasks - INFO - 


2025-12-13 15:59:04 - celery_tasks - INFO - ================================================================================
2025-12-13 15:59:04 - celery_tasks - INFO - Начинаю рассылку 3 пользователям
2025-12-13 15:59:04 - celery_tasks - INFO - ================================================================================
2025-12-13 15:59:04 - celery_tasks - INFO - 📰 Новость
2025-12-13 15:59:04 - celery_tasks - INFO - ────────────────────────────────────────────────────────────────────────────────
2025-12-13 15:59:04 - celery_tasks - INFO - Заголовок: string
2025-12-13 15:59:04 - celery_tasks - INFO - ID автора: 3
2025-12-13 15:59:04 - celery_tasks - INFO - Дата публикации: 13.12.2025
2025-12-13 15:59:04 - celery_tasks - INFO - Содержание: string
2025-12-13 15:59:04 - celery_tasks - INFO - ────────────────────────────────────────────────────────────────────────────────
2025-12-13 15:59:04 - celery_tasks - INFO - Отправляю рассылку пользовелю Иван Иванов
2025-12-13 15:59:04 - celery_tasks - INFO - Отправляю рассылку пользовелю Петр Петров
2025-12-13 15:59:04 - celery_tasks - INFO - Отправляю рассылку пользовелю Админ
2025-12-13 15:59:06 - celery_tasks - INFO - Рассылка успешна отправлена 3 пользователям
2025-12-13 15:59:11 - celery_tasks - INFO - Received signal 2, shutting down gracefully...
2025-12-13 15:59:11 - celery_tasks - INFO - Received signal 15, shutting down gracefully...
2025-12-13 16:01:17 - celery_tasks - INFO - Metric object: counter:notifications_sent
2025-12-13 16:01:17 - celery_tasks - INFO - Current value: 0.0
2025-12-13 16:01:17 - celery_tasks - INFO - 


2025-12-13 16:01:17 - celery_tasks - INFO - ================================================================================
2025-12-13 16:01:17 - celery_tasks - INFO - Начинаю рассылку 3 пользователям
2025-12-13 16:01:17 - celery_tasks - INFO - ================================================================================
2025-12-13 16:01:18 - celery_tasks - INFO - 📰 Новость
2025-12-13 16:01:18 - celery_tasks - INFO - ────────────────────────────────────────────────────────────────────────────────
2025-12-13 16:01:18 - celery_tasks - INFO - Заголовок: string
2025-12-13 16:01:18 - celery_tasks - INFO - ID автора: 3
2025-12-13 16:01:18 - celery_tasks - INFO - Дата публикации: 13.12.2025
2025-12-13 16:01:18 - celery_tasks - INFO - Содержание: string
2025-12-13 16:01:18 - celery_tasks - INFO - ────────────────────────────────────────────────────────────────────────────────
2025-12-13 16:01:18 - celery_tasks - INFO - Отправляю рассылку пользовелю Иван Иванов
2025-12-13 16:01:18 - celery_tasks - INFO - Отправляю рассылку пользовелю Петр Петров
2025-12-13 16:01:18 - celery_tasks - INFO - Отправляю рассылку пользовелю Админ
2025-12-13 16:01:20 - celery_tasks - INFO - Рассылка успешна отправлена 3 пользователям
2025-12-13 16:01:34 - celery_tasks - INFO - Metric object: counter:notifications_sent
2025-12-13 16:01:34 - celery_tasks - INFO - Current value: 1.0
2025-12-13 16:01:34 - celery_tasks - INFO - 


2025-12-13 16:01:34 - celery_tasks - INFO - ================================================================================
2025-12-13 16:01:34 - celery_tasks - INFO - Начинаю рассылку 3 пользователям
2025-12-13 16:01:34 - celery_tasks - INFO - ================================================================================
2025-12-13 16:01:34 - celery_tasks - INFO - 📰 Новость
2025-12-13 16:01:34 - celery_tasks - INFO - ────────────────────────────────────────────────────────────────────────────────
2025-12-13 16:01:34 - celery_tasks - INFO - Заголовок: string
2025-12-13 16:01:34 - celery_tasks - INFO - ID автора: 3
2025-12-13 16:01:34 - celery_tasks - INFO - Дата публикации: 13.12.2025
2025-12-13 16:01:34 - celery_tasks - INFO - Содержание: string
2025-12-13 16:01:34 - celery_tasks - INFO - ────────────────────────────────────────────────────────────────────────────────
2025-12-13 16:01:34 - celery_tasks - INFO - Отправляю рассылку пользовелю Иван Иванов
2025-12-13 16:01:34 - celery_tasks - INFO - Отправляю рассылку пользовелю Петр Петров
2025-12-13 16:01:34 - celery_tasks - INFO - Отправляю рассылку пользовелю Админ
2025-12-13 16:01:36 - celery_tasks - INFO - Рассылка успешна отправлена 3 пользователям
2025-12-13 16:01:51 - celery_tasks - INFO - Metric object: counter:notifications_sent
2025-12-13 16:01:51 - celery_tasks - INFO - Current value: 2.0
2025-12-13 16:01:51 - celery_tasks - INFO - 


2025-12-13 16:01:51 - celery_tasks - INFO - ================================================================================
2025-12-13 16:01:51 - celery_tasks - INFO - Начинаю рассылку 3 пользователям
2025-12-13 16:01:51 - celery_tasks - INFO - ================================================================================
2025-12-13 16:01:51 - celery_tasks - INFO - 📰 Новость
2025-12-13 16:01:51 - celery_tasks - INFO - ────────────────────────────────────────────────────────────────────────────────
2025-12-13 16:01:51 - celery_tasks - INFO - Заголовок: string
2025-12-13 16:01:51 - celery_tasks - INFO - ID автора: 3
2025-12-13 16:01:51 - celery_tasks - INFO - Дата публикации: 13.12.2025
2025-12-13 16:01:51 - celery_tasks - INFO - Содержание: string
2025-12-13 16:01:51 - celery_tasks - INFO - ────────────────────────────────────────────────────────────────────────────────
2025-12-13 16:01:51 - celery_tasks - INFO - Отправляю рассылку пользовелю Иван Иванов
2025-12-13 16:01:51 - celery_tasks - INFO - Отправляю рассылку пользовелю Петр Петров
2025-12-13 16:01:51 - celery_tasks - INFO - Отправляю рассылку пользовелю Админ
2025-12-13 16:01:51 - celery_tasks - WARNING - Retry 1/3 in 2s
2025-12-13 16:01:53 - celery_tasks - INFO - Metric object: counter:notifications_sent
2025-12-13 16:01:53 - celery_tasks - INFO - Current value: 2.0
2025-12-13 16:01:53 - celery_tasks - INFO - 


2025-12-13 16:01:53 - celery_tasks - INFO - ================================================================================
2025-12-13 16:01:53 - celery_tasks - INFO - Начинаю рассылку 3 пользователям
2025-12-13 16:01:53 - celery_tasks - INFO - ================================================================================
2025-12-13 16:01:53 - celery_tasks - INFO - 📰 Новость
2025-12-13 16:01:53 - celery_tasks - INFO - ────────────────────────────────────────────────────────────────────────────────
2025-12-13 16:01:53 - celery_tasks - INFO - Заголовок: string
2025-12-13 16:01:53 - celery_tasks - INFO - ID автора: 3
2025-12-13 16:01:53 - celery_tasks - INFO - Дата публикации: 13.12.2025
2025-12-13 16:01:53 - celery_tasks - INFO - Содержание: string
2025-12-13 16:01:53 - celery_tasks - INFO - ────────────────────────────────────────────────────────────────────────────────
2025-12-13 16:01:53 - celery_tasks - INFO - Отправляю рассылку пользовелю Иван Иванов
2025-12-13 16:01:53 - celery_tasks - INFO - Отправляю рассылку пользовелю Петр Петров
2025-12-13 16:01:53 - celery_tasks - INFO - Отправляю рассылку пользовелю Админ
2025-12-13 16:01:53 - celery_tasks - WARNING - Retry 2/3 in 4s
2025-12-13 16:01:57 - celery_tasks - INFO - Metric object: counter:notifications_sent
2025-12-13 16:01:57 - celery_tasks - INFO - Current value: 2.0
2025-12-13 16:01:57 - celery_tasks - INFO - 


2025-12-13 16:01:57 - celery_tasks - INFO - ================================================================================
2025-12-13 16:01:57 - celery_tasks - INFO - Начинаю рассылку 3 пользователям
2025-12-13 16:01:57 - celery_tasks - INFO - ================================================================================
2025-12-13 16:01:57 - celery_tasks - INFO - 📰 Новость
2025-12-13 16:01:57 - celery_tasks - INFO - ────────────────────────────────────────────────────────────────────────────────
2025-12-13 16:01:57 - celery_tasks - INFO - Заголовок: string
2025-12-13 16:01:57 - celery_tasks - INFO - ID автора: 3
2025-12-13 16:01:57 - celery_tasks - INFO - Дата публикации: 13.12.2025
2025-12-13 16:01:57 - celery_tasks - INFO - Содержание: string
2025-12-13 16:01:57 - celery_tasks - INFO - ────────────────────────────────────────────────────────────────────────────────
2025-12-13 16:01:57 - celery_tasks - INFO - Отправляю рассылку пользовелю Иван Иванов
2025-12-13 16:01:57 - celery_tasks - INFO - Отправляю рассылку пользовелю Петр Петров
2025-12-13 16:01:57 - celery_tasks - INFO - Отправляю рассылку пользовелю Админ
2025-12-13 16:01:57 - celery_tasks - WARNING - Retry 3/3 in 9s
2025-12-13 16:02:06 - celery_tasks - INFO - Metric object: counter:notifications_sent
2025-12-13 16:02:06 - celery_tasks - INFO - Current value: 2.0
2025-12-13 16:02:06 - celery_tasks - INFO - 


2025-12-13 16:02:06 - celery_tasks - INFO - ================================================================================
2025-12-13 16:02:06 - celery_tasks - INFO - Начинаю рассылку 3 пользователям
2025-12-13 16:02:06 - celery_tasks - INFO - ================================================================================
2025-12-13 16:02:06 - celery_tasks - INFO - 📰 Новость
2025-12-13 16:02:06 - celery_tasks - INFO - ────────────────────────────────────────────────────────────────────────────────
2025-12-13 16:02:06 - celery_tasks - INFO - Заголовок: string
2025-12-13 16:02:06 - celery_tasks - INFO - ID автора: 3
2025-12-13 16:02:06 - celery_tasks - INFO - Дата публикации: 13.12.2025
2025-12-13 16:02:06 - celery_tasks - INFO - Содержание: string
2025-12-13 16:02:06 - celery_tasks - INFO - ────────────────────────────────────────────────────────────────────────────────
2025-12-13 16:02:06 - celery_tasks - INFO - Отправляю рассылку пользовелю Иван Иванов
2025-12-13 16:02:06 - celery_tasks - INFO - Отправляю рассылку пользовелю Петр Петров
2025-12-13 16:02:06 - celery_tasks - INFO - Отправляю рассылку пользовелю Админ
2025-12-13 16:02:06 - celery_tasks - ERROR - Failed after 4 attempts: Симулирую ошибки отправки
2025-12-13 16:16:26 - celery_tasks - INFO - Received signal 2, shutting down gracefully...
2025-12-13 16:16:26 - celery_tasks - INFO - Received signal 15, shutting down gracefully...
2025-12-13 16:27:40 - celery_tasks - INFO - 


2025-12-13 16:27:40 - celery_tasks - INFO - ================================================================================
2025-12-13 16:27:40 - celery_tasks - INFO - Начинаю рассылку 3 пользователям
2025-12-13 16:27:40 - celery_tasks - INFO - ================================================================================
2025-12-13 16:27:40 - celery_tasks - INFO - 📰 Новость
2025-12-13 16:27:40 - celery_tasks - INFO - ────────────────────────────────────────────────────────────────────────────────
2025-12-13 16:27:40 - celery_tasks - INFO - Заголовок: string
2025-12-13 16:27:40 - celery_tasks - INFO - ID автора: 3
2025-12-13 16:27:40 - celery_tasks - INFO - Дата публикации: 13.12.2025
2025-12-13 16:27:40 - celery_tasks - INFO - Содержание: string
2025-12-13 16:27:40 - celery_tasks - INFO - ────────────────────────────────────────────────────────────────────────────────
2025-12-13 16:27:40 - celery_tasks - INFO - Отправляю рассылку пользовелю Иван Иванов
2025-12-13 16:27:40 - celery_tasks - INFO - Отправляю рассылку пользовелю Петр Петров
2025-12-13 16:27:40 - celery_tasks - INFO - Отправляю рассылку пользовелю Админ
2025-12-13 16:27:42 - celery_tasks - INFO - Рассылка успешна отправлена 3 пользователям
2025-12-13 16:27:42 - celery_tasks - WARNING - Retry 1/3 in 2s
2025-12-13 16:27:44 - celery_tasks - INFO - 


2025-12-13 16:27:44 - celery_tasks - INFO - ================================================================================
2025-12-13 16:27:44 - celery_tasks - INFO - Начинаю рассылку 3 пользователям
2025-12-13 16:27:44 - celery_tasks - INFO - ================================================================================
2025-12-13 16:27:44 - celery_tasks - INFO - 📰 Новость
2025-12-13 16:27:44 - celery_tasks - INFO - ────────────────────────────────────────────────────────────────────────────────
2025-12-13 16:27:44 - celery_tasks - INFO - Заголовок: string
2025-12-13 16:27:44 - celery_tasks - INFO - ID автора: 3
2025-12-13 16:27:44 - celery_tasks - INFO - Дата публикации: 13.12.2025
2025-12-13 16:27:44 - celery_tasks - INFO - Содержание: string
2025-12-13 16:27:44 - celery_tasks - INFO - ────────────────────────────────────────────────────────────────────────────────
2025-12-13 16:27:44 - celery_tasks - INFO - Отправляю рассылку пользовелю Иван Иванов
2025-12-13 16:27:44 - celery_tasks - INFO - Отправляю рассылку пользовелю Петр Петров
2025-12-13 16:27:44 - celery_tasks - INFO - Отправляю рассылку пользовелю Админ
2025-12-13 16:27:44 - celery_tasks - WARNING - Retry 2/3 in 4s
2025-12-13 16:27:48 - celery_tasks - INFO - 


2025-12-13 16:27:48 - celery_tasks - INFO - ================================================================================
2025-12-13 16:27:48 - celery_tasks - INFO - Начинаю рассылку 3 пользователям
2025-12-13 16:27:48 - celery_tasks - INFO - ================================================================================
2025-12-13 16:27:48 - celery_tasks - INFO - 📰 Новость
2025-12-13 16:27:48 - celery_tasks - INFO - ────────────────────────────────────────────────────────────────────────────────
2025-12-13 16:27:48 - celery_tasks - INFO - Заголовок: string
2025-12-13 16:27:48 - celery_tasks - INFO - ID автора: 3
2025-12-13 16:27:48 - celery_tasks - INFO - Дата публикации: 13.12.2025
2025-12-13 16:27:48 - celery_tasks - INFO - Содержание: string
2025-12-13 16:27:48 - celery_tasks - INFO - ────────────────────────────────────────────────────────────────────────────────
2025-12-13 16:27:48 - celery_tasks - INFO - Отправляю рассылку пользовелю Иван Иванов
2025-12-13 16:27:48 - celery_tasks - INFO - Отправляю рассылку пользовелю Петр Петров
2025-12-13 16:27:48 - celery_tasks - INFO - Отправляю рассылку пользовелю Админ
2025-12-13 16:27:50 - celery_tasks - INFO - Рассылка успешна отправлена 3 пользователям
2025-12-13 16:27:50 - celery_tasks - WARNING - Retry 3/3 in 8s
2025-12-13 16:27:58 - celery_tasks - INFO - 


2025-12-13 16:27:58 - celery_tasks - INFO - ================================================================================
2025-12-13 16:27:58 - celery_tasks - INFO - Начинаю рассылку 3 пользователям
2025-12-13 16:27:58 - celery_tasks - INFO - ================================================================================
2025-12-13 16:27:58 - celery_tasks - INFO - 📰 Новость
2025-12-13 16:27:58 - celery_tasks - INFO - ────────────────────────────────────────────────────────────────────────────────
2025-12-13 16:27:58 - celery_tasks - INFO - Заголовок: string
2025-12-13 16:27:58 - celery_tasks - INFO - ID автора: 3
2025-12-13 16:27:58 - celery_tasks - INFO - Дата публикации: 13.12.2025
2025-12-13 16:27:58 - celery_tasks - INFO - Содержание: string
2025-12-13 16:27:58 - celery_tasks - INFO - ────────────────────────────────────────────────────────────────────────────────
2025-12-13 16:27:58 - celery_tasks - INFO - Отправляю рассылку пользовелю Иван Иванов
2025-12-13 16:27:58 - celery_tasks - INFO - Отправляю рассылку пользовелю Петр Петров
2025-12-13 16:27:58 - celery_tasks - INFO - Отправляю рассылку пользовелю Админ
2025-12-13 16:28:00 - celery_tasks - INFO - Рассылка успешна отправлена 3 пользователям
2025-12-13 16:28:00 - celery_tasks - ERROR - Failed after 4 attempts: name 'NOTIFICATIONS_SENT' is not defined
2025-12-13 16:39:11 - celery_tasks - INFO - 


2025-12-13 16:39:11 - celery_tasks - INFO - ================================================================================
2025-12-13 16:39:11 - celery_tasks - INFO - Начинаю рассылку 3 пользователям
2025-12-13 16:39:11 - celery_tasks - INFO - ================================================================================
2025-12-13 16:39:11 - celery_tasks - INFO - 📰 Новость
2025-12-13 16:39:11 - celery_tasks - INFO - ────────────────────────────────────────────────────────────────────────────────
2025-12-13 16:39:11 - celery_tasks - INFO - Заголовок: string
2025-12-13 16:39:11 - celery_tasks - INFO - ID автора: 3
2025-12-13 16:39:11 - celery_tasks - INFO - Дата публикации: 13.12.2025
2025-12-13 16:39:11 - celery_tasks - INFO - Содержание: string
2025-12-13 16:39:11 - celery_tasks - INFO - ────────────────────────────────────────────────────────────────────────────────
2025-12-13 16:39:11 - celery_tasks - INFO - Отправляю рассылку пользовелю Иван Иванов
2025-12-13 16:39:11 - celery_tasks - INFO - Отправляю рассылку пользовелю Петр Петров
2025-12-13 16:39:11 - celery_tasks - INFO - Отправляю рассылку пользовелю Админ
2025-12-13 16:39:13 - celery_tasks - INFO - Рассылка успешна отправлена 3 пользователям
2025-12-13 16:44:43 - celery_tasks - INFO - 


2025-12-13 16:44:43 - celery_tasks - INFO - ================================================================================
2025-12-13 16:44:43 - celery_tasks - INFO - Начинаю рассылку 3 пользователям
2025-12-13 16:44:43 - celery_tasks - INFO - ================================================================================
2025-12-13 16:44:43 - celery_tasks - INFO - 📰 Новость
2025-12-13 16:44:43 - celery_tasks - INFO - ────────────────────────────────────────────────────────────────────────────────
2025-12-13 16:44:43 - celery_tasks - INFO - Заголовок: string
2025-12-13 16:44:43 - celery_tasks - INFO - ID автора: 3
2025-12-13 16:44:43 - celery_tasks - INFO - Дата публикации: 13.12.2025
2025-12-13 16:44:43 - celery_tasks - INFO - Содержание: string
2025-12-13 16:44:43 - celery_tasks - INFO - ────────────────────────────────────────────────────────────────────────────────
2025-12-13 16:44:43 - celery_tasks - INFO - Отправляю рассылку пользовелю Иван Иванов
2025-12-13 16:44:43 - celery_tasks - INFO - Отправляю рассылку пользовелю Петр Петров
2025-12-13 16:44:43 - celery_tasks - INFO - Отправляю рассылку пользовелю Админ
2025-12-13 16:44:45 - celery_tasks - INFO - Рассылка успешна отправлена 3 пользователям
2025-12-13 16:55:39 - celery_tasks - INFO - 


2025-12-13 16:55:39 - celery_tasks - INFO - ================================================================================
2025-12-13 16:55:39 - celery_tasks - INFO - Начинаю рассылку 3 пользователям
2025-12-13 16:55:39 - celery_tasks - INFO - ================================================================================
2025-12-13 16:55:39 - celery_tasks - INFO - 📰 Новость
2025-12-13 16:55:39 - celery_tasks - INFO - ────────────────────────────────────────────────────────────────────────────────
2025-12-13 16:55:39 - celery_tasks - INFO - Заголовок: string
2025-12-13 16:55:39 - celery_tasks - INFO - ID автора: 3
2025-12-13 16:55:39 - celery_tasks - INFO - Дата публикации: 13.12.2025
2025-12-13 16:55:39 - celery_tasks - INFO - Содержание: string
2025-12-13 16:55:39 - celery_tasks - INFO - ────────────────────────────────────────────────────────────────────────────────
2025-12-13 16:55:39 - celery_tasks - INFO - Отправляю рассылку пользовелю Иван Иванов
2025-12-13 16:55:39 - celery_tasks - INFO - Отправляю рассылку пользовелю Петр Петров
2025-12-13 16:55:39 - celery_tasks - INFO - Отправляю рассылку пользовелю Админ
2025-12-13 16:55:39 - celery_tasks - WARNING - Retry 1/3 in 2s
2025-12-13 16:55:41 - celery_tasks - INFO - 


2025-12-13 16:55:41 - celery_tasks - INFO - ================================================================================
2025-12-13 16:55:41 - celery_tasks - INFO - Начинаю рассылку 3 пользователям
2025-12-13 16:55:41 - celery_tasks - INFO - ================================================================================
2025-12-13 16:55:41 - celery_tasks - INFO - 📰 Новость
2025-12-13 16:55:41 - celery_tasks - INFO - ────────────────────────────────────────────────────────────────────────────────
2025-12-13 16:55:41 - celery_tasks - INFO - Заголовок: string
2025-12-13 16:55:41 - celery_tasks - INFO - ID автора: 3
2025-12-13 16:55:41 - celery_tasks - INFO - Дата публикации: 13.12.2025
2025-12-13 16:55:41 - celery_tasks - INFO - Содержание: string
2025-12-13 16:55:41 - celery_tasks - INFO - ────────────────────────────────────────────────────────────────────────────────
2025-12-13 16:55:41 - celery_tasks - INFO - Отправляю рассылку пользовелю Иван Иванов
2025-12-13 16:55:41 - celery_tasks - INFO - Отправляю рассылку пользовелю Петр Петров
2025-12-13 16:55:41 - celery_tasks - INFO - Отправляю рассылку пользовелю Админ
2025-12-13 16:55:43 - celery_tasks - INFO - Рассылка успешна отправлена 3 пользователям
2025-12-13 16:59:10 - celery_tasks - INFO - Received signal 2, shutting down gracefully...
2025-12-13 16:59:10 - celery_tasks - INFO - Received signal 15, shutting down gracefully...
2025-12-13 17:11:24 - celery_tasks - INFO - 


2025-12-13 17:11:24 - celery_tasks - INFO - ================================================================================
2025-12-13 17:11:24 - celery_tasks - INFO - Начинаю рассылку 3 пользователям
2025-12-13 17:11:24 - celery_tasks - INFO - ================================================================================
2025-12-13 17:11:24 - celery_tasks - INFO - 📰 Новость
2025-12-13 17:11:24 - celery_tasks - INFO - ────────────────────────────────────────────────────────────────────────────────
2025-12-13 17:11:24 - celery_tasks - INFO - Заголовок: string
2025-12-13 17:11:24 - celery_tasks - INFO - ID автора: 3
2025-12-13 17:11:24 - celery_tasks - INFO - Дата публикации: 13.12.2025
2025-12-13 17:11:24 - celery_tasks - INFO - Содержание: string
2025-12-13 17:11:24 - celery_tasks - INFO - ────────────────────────────────────────────────────────────────────────────────
2025-12-13 17:11:24 - celery_tasks - INFO - Отправляю рассылку пользовелю Иван Иванов
2025-12-13 17:11:24 - celery_tasks - INFO - Отправляю рассылку пользовелю Петр Петров
2025-12-13 17:11:24 - celery_tasks - INFO - Отправляю рассылку пользовелю Админ
2025-12-13 17:11:26 - celery_tasks - INFO - Рассылка успешна отправлена 3 пользователям
2025-12-13 17:26:05 - celery_tasks - INFO - Received signal 2, shutting down gracefully...
2025-12-13 17:26:05 - celery_tasks - INFO - Received signal 15, shutting down gracefully...
2025-12-13 20:54:37 - celery_tasks - INFO - 


2025-12-13 20:54:37 - celery_tasks - INFO - ================================================================================
2025-12-13 20:54:37 - celery_tasks - INFO - Начинаю рассылку 3 пользователям
2025-12-13 20:54:37 - celery_tasks - INFO - ================================================================================
2025-12-13 20:54:37 - celery_tasks - INFO - 📰 Новость
2025-12-13 20:54:37 - celery_tasks - INFO - ────────────────────────────────────────────────────────────────────────────────
2025-12-13 20:54:37 - celery_tasks - INFO - Заголовок: string
2025-12-13 20:54:37 - celery_tasks - INFO - ID автора: 3
2025-12-13 20:54:37 - celery_tasks - INFO - Дата публикации: 13.12.2025
2025-12-13 20:54:37 - celery_tasks - INFO - Содержание: string
2025-12-13 20:54:37 - celery_tasks - INFO - ────────────────────────────────────────────────────────────────────────────────
2025-12-13 20:54:37 - celery_tasks - INFO - Отправляю рассылку пользовелю Иван Иванов
2025-12-13 20:54:37 - celery_tasks - INFO - Отправляю рассылку пользовелю Петр Петров
2025-12-13 20:54:37 - celery_tasks - INFO - Отправляю рассылку пользовелю Админ
2025-12-13 20:54:37 - celery_tasks - WARNING - Retry 1/3 in 2s
2025-12-13 20:54:39 - celery_tasks - INFO - 


2025-12-13 20:54:39 - celery_tasks - INFO - ================================================================================
2025-12-13 20:54:39 - celery_tasks - INFO - Начинаю рассылку 3 пользователям
2025-12-13 20:54:39 - celery_tasks - INFO - ================================================================================
2025-12-13 20:54:39 - celery_tasks - INFO - 📰 Новость
2025-12-13 20:54:39 - celery_tasks - INFO - ────────────────────────────────────────────────────────────────────────────────
2025-12-13 20:54:39 - celery_tasks - INFO - Заголовок: string
2025-12-13 20:54:39 - celery_tasks - INFO - ID автора: 3
2025-12-13 20:54:39 - celery_tasks - INFO - Дата публикации: 13.12.2025
2025-12-13 20:54:39 - celery_tasks - INFO - Содержание: string
2025-12-13 20:54:39 - celery_tasks - INFO - ────────────────────────────────────────────────────────────────────────────────
2025-12-13 20:54:39 - celery_tasks - INFO - Отправляю рассылку пользовелю Иван Иванов
2025-12-13 20:54:39 - celery_tasks - INFO - Отправляю рассылку пользовелю Петр Петров
2025-12-13 20:54:39 - celery_tasks - INFO - Отправляю рассылку пользовелю Админ
2025-12-13 20:54:41 - celery_tasks - INFO - Рассылка успешна отправлена 3 пользователям
2025-12-13 21:00:49 - celery_tasks - INFO - 


2025-12-13 21:00:49 - celery_tasks - INFO - ================================================================================
2025-12-13 21:00:49 - celery_tasks - INFO - Начинаю рассылку 3 пользователям
2025-12-13 21:00:49 - celery_tasks - INFO - ================================================================================
2025-12-13 21:00:49 - celery_tasks - INFO - 📰 Новость
2025-12-13 21:00:49 - celery_tasks - INFO - ────────────────────────────────────────────────────────────────────────────────
2025-12-13 21:00:49 - celery_tasks - INFO - Заголовок: string
2025-12-13 21:00:49 - celery_tasks - INFO - ID автора: 3
2025-12-13 21:00:49 - celery_tasks - INFO - Дата публикации: 13.12.2025
2025-12-13 21:00:49 - celery_tasks - INFO - Содержание: string
2025-12-13 21:00:49 - celery_tasks - INFO - ────────────────────────────────────────────────────────────────────────────────
2025-12-13 21:00:49 - celery_tasks - INFO - Отправляю рассылку пользовелю Иван Иванов
2025-12-13 21:00:49 - celery_tasks - INFO - Отправляю рассылку пользовелю Петр Петров
2025-12-13 21:00:49 - celery_tasks - INFO - Отправляю рассылку пользовелю Админ
2025-12-13 21:00:51 - celery_tasks - INFO - Рассылка успешна отправлена 3 пользователям
2025-12-13 21:01:21 - celery_tasks - INFO - 


2025-12-13 21:01:21 - celery_tasks - INFO - ================================================================================
2025-12-13 21:01:21 - celery_tasks - INFO - Начинаю рассылку 3 пользователям
2025-12-13 21:01:21 - celery_tasks - INFO - ================================================================================
2025-12-13 21:01:21 - celery_tasks - INFO - 📰 Новость
2025-12-13 21:01:21 - celery_tasks - INFO - ────────────────────────────────────────────────────────────────────────────────
2025-12-13 21:01:21 - celery_tasks - INFO - Заголовок: string
2025-12-13 21:01:21 - celery_tasks - INFO - ID автора: 3
2025-12-13 21:01:21 - celery_tasks - INFO - Дата публикации: 13.12.2025
2025-12-13 21:01:21 - celery_tasks - INFO - Содержание: string
2025-12-13 21:01:21 - celery_tasks - INFO - ────────────────────────────────────────────────────────────────────────────────
2025-12-13 21:01:21 - celery_tasks - INFO - Отправляю рассылку пользовелю Иван Иванов
2025-12-13 21:01:21 - celery_tasks - INFO - Отправляю рассылку пользовелю Петр Петров
2025-12-13 21:01:21 - celery_tasks - INFO - Отправляю рассылку пользовелю Админ
2025-12-13 21:01:23 - celery_tasks - INFO - Рассылка успешна отправлена 3 пользователям
2025-12-19 11:29:26 - celery_tasks - INFO - Received signal 2, shutting down gracefully...
2025-12-19 11:29:26 - celery_tasks - INFO - Received signal 2, shutting down gracefully...
